2019-09-09 09:50:56,193 - opencluster_2019_09_09 - INFO - Started logger.
2019-09-09 09:50:58,002 - opencluster_2019_09_09 - INFO - Started logger.
2019-09-09 09:50:58,002 - opencluster_2019_09_09 - INFO - Started logger.
2019-09-09 09:51:07,460 - opencluster_2019_09_09 - INFO - Creating an OpenCluster object for ngc2682
2019-09-09 09:51:07,460 - opencluster_2019_09_09 - INFO - Creating an OpenCluster object for ngc2682
2019-09-09 09:51:07,461 - opencluster_2019_09_09 - INFO - Created an OpenCluster object for ngc2682
2019-09-09 09:51:07,461 - opencluster_2019_09_09 - INFO - Created an OpenCluster object for ngc2682
2019-09-09 09:52:06,997 - opencluster_2019_09_09 - INFO - Started logger.
2019-09-09 09:52:08,394 - opencluster_2019_09_09 - INFO - Started logger.
2019-09-09 09:52:08,394 - opencluster_2019_09_09 - INFO - Started logger.
2019-09-09 09:52:14,706 - opencluster_2019_09_09 - INFO - Creating an OpenCluster object for ngc2682
2019-09-09 09:52:14,706 - opencluster_2019_09_09 - INFO - Creating an OpenCluster object for ngc2682
2019-09-09 09:52:14,707 - opencluster_2019_09_09 - INFO - Created an OpenCluster object for ngc2682
2019-09-09 09:52:14,707 - opencluster_2019_09_09 - INFO - Created an OpenCluster object for ngc2682
2019-09-09 09:54:55,832 - opencluster_2019_09_09 - INFO - Creating an OpenCluster object for hyades
2019-09-09 09:54:55,832 - opencluster_2019_09_09 - INFO - Creating an OpenCluster object for hyades
2019-09-09 09:54:55,833 - opencluster_2019_09_09 - INFO - Created an OpenCluster object for hyades
2019-09-09 09:54:55,833 - opencluster_2019_09_09 - INFO - Created an OpenCluster object for hyades
2019-09-09 09:55:28,388 - opencluster_2019_09_09 - INFO - Started logger.
2019-09-09 09:55:29,876 - opencluster_2019_09_09 - INFO - Started logger.
2019-09-09 09:55:29,876 - opencluster_2019_09_09 - INFO - Started logger.
2019-09-09 09:55:36,534 - opencluster_2019_09_09 - INFO - Creating an OpenCluster object for hyades
2019-09-09 09:55:36,534 - opencluster_2019_09_09 - INFO - Creating an OpenCluster object for hyades
2019-09-09 09:55:36,535 - opencluster_2019_09_09 - INFO - Created an OpenCluster object for hyades
2019-09-09 09:55:36,535 - opencluster_2019_09_09 - INFO - Created an OpenCluster object for hyades
2019-09-09 09:58:35,808 - opencluster_2019_09_09 - INFO - Started logger.
2019-09-09 09:58:37,294 - opencluster_2019_09_09 - INFO - Started logger.
2019-09-09 09:58:37,294 - opencluster_2019_09_09 - INFO - Started logger.
2019-09-09 09:58:43,714 - opencluster_2019_09_09 - INFO - Creating an OpenCluster object for hyades
2019-09-09 09:58:43,714 - opencluster_2019_09_09 - INFO - Creating an OpenCluster object for hyades
2019-09-09 09:58:43,715 - opencluster_2019_09_09 - INFO - Created an OpenCluster object for hyades
2019-09-09 09:58:43,715 - opencluster_2019_09_09 - INFO - Created an OpenCluster object for hyades
2019-09-09 09:59:57,375 - opencluster_2019_09_09 - INFO - Started logger.
2019-09-09 09:59:58,781 - opencluster_2019_09_09 - INFO - Started logger.
2019-09-09 09:59:58,781 - opencluster_2019_09_09 - INFO - Started logger.
2019-09-09 10:00:05,266 - opencluster_2019_09_09 - INFO - Creating an OpenCluster object for hyades
2019-09-09 10:00:05,266 - opencluster_2019_09_09 - INFO - Creating an OpenCluster object for hyades
2019-09-09 10:00:05,267 - opencluster_2019_09_09 - INFO - Created an OpenCluster object for hyades
2019-09-09 10:00:05,267 - opencluster_2019_09_09 - INFO - Created an OpenCluster object for hyades
2019-09-09 10:00:59,667 - opencluster_2019_09_09 - INFO - Started logger.
2019-09-09 10:01:55,063 - opencluster_2019_09_09 - INFO - Started logger.
2019-09-09 10:01:56,472 - opencluster_2019_09_09 - INFO - Started logger.
2019-09-09 10:01:56,472 - opencluster_2019_09_09 - INFO - Started logger.
2019-09-09 10:02:02,941 - opencluster_2019_09_09 - INFO - Creating an OpenCluster object for hyades
2019-09-09 10:02:02,941 - opencluster_2019_09_09 - INFO - Creating an OpenCluster object for hyades
2019-09-09 10:02:02,943 - opencluster_2019_09_09 - INFO - Created an OpenCluster object for hyades
2019-09-09 10:02:02,943 - opencluster_2019_09_09 - INFO - Created an OpenCluster object for hyades
2019-09-09 10:04:17,864 - opencluster_2019_09_09 - INFO - Started logger.
2019-09-09 10:04:19,352 - opencluster_2019_09_09 - INFO - Started logger.
2019-09-09 10:04:19,352 - opencluster_2019_09_09 - INFO - Started logger.
2019-09-09 10:04:25,741 - opencluster_2019_09_09 - INFO - Creating an OpenCluster object for hyades
2019-09-09 10:04:25,741 - opencluster_2019_09_09 - INFO - Creating an OpenCluster object for hyades
2019-09-09 10:04:25,743 - opencluster_2019_09_09 - INFO - Created an OpenCluster object for hyades
2019-09-09 10:04:25,743 - opencluster_2019_09_09 - INFO - Created an OpenCluster object for hyades
2019-09-09 10:05:38,008 - opencluster_2019_09_09 - INFO - Creating an OpenCluster object for hyades
2019-09-09 10:05:38,008 - opencluster_2019_09_09 - INFO - Creating an OpenCluster object for hyades
2019-09-09 10:05:38,010 - opencluster_2019_09_09 - INFO - Created an OpenCluster object for hyades
2019-09-09 10:05:38,010 - opencluster_2019_09_09 - INFO - Created an OpenCluster object for hyades
2019-09-09 10:06:53,226 - opencluster_2019_09_09 - INFO - Started logger.
2019-09-09 10:06:54,624 - opencluster_2019_09_09 - INFO - Started logger.
2019-09-09 10:06:54,624 - opencluster_2019_09_09 - INFO - Started logger.
2019-09-09 10:07:00,858 - opencluster_2019_09_09 - INFO - Creating an OpenCluster object for ngc6774
2019-09-09 10:07:00,858 - opencluster_2019_09_09 - INFO - Creating an OpenCluster object for ngc6774
2019-09-09 10:07:00,860 - opencluster_2019_09_09 - INFO - Created an OpenCluster object for ngc6774
2019-09-09 10:07:00,860 - opencluster_2019_09_09 - INFO - Created an OpenCluster object for ngc6774
2019-09-09 10:15:39,078 - opencluster_2019_09_09 - INFO - Creating an OpenCluster object for pleiades
2019-09-09 10:15:39,078 - opencluster_2019_09_09 - INFO - Creating an OpenCluster object for pleiades
2019-09-09 10:15:39,086 - opencluster_2019_09_09 - INFO - Created an OpenCluster object for pleiades
2019-09-09 10:15:39,086 - opencluster_2019_09_09 - INFO - Created an OpenCluster object for pleiades
2019-09-09 10:23:45,799 - opencluster_2019_09_09 - INFO - Started logger.
2019-09-09 10:23:47,500 - opencluster_2019_09_09 - INFO - Started logger.
2019-09-09 10:23:47,500 - opencluster_2019_09_09 - INFO - Started logger.
2019-09-09 10:23:55,517 - opencluster_2019_09_09 - INFO - Creating an OpenCluster object for pleiades
2019-09-09 10:23:55,517 - opencluster_2019_09_09 - INFO - Creating an OpenCluster object for pleiades
2019-09-09 10:23:55,518 - opencluster_2019_09_09 - INFO - Created an OpenCluster object for pleiades
2019-09-09 10:23:55,518 - opencluster_2019_09_09 - INFO - Created an OpenCluster object for pleiades
2019-09-09 10:24:20,608 - opencluster_2019_09_09 - INFO - Started logger.
2019-09-09 10:24:22,126 - opencluster_2019_09_09 - INFO - Started logger.
2019-09-09 10:24:22,126 - opencluster_2019_09_09 - INFO - Started logger.
2019-09-09 10:24:28,985 - opencluster_2019_09_09 - INFO - Creating an OpenCluster object for pleiades
2019-09-09 10:24:28,985 - opencluster_2019_09_09 - INFO - Creating an OpenCluster object for pleiades
2019-09-09 10:24:28,987 - opencluster_2019_09_09 - INFO - Created an OpenCluster object for pleiades
2019-09-09 10:24:28,987 - opencluster_2019_09_09 - INFO - Created an OpenCluster object for pleiades
2019-09-09 10:28:35,792 - opencluster_2019_09_09 - INFO - Creating an OpenCluster object for praesepe
2019-09-09 10:28:35,792 - opencluster_2019_09_09 - INFO - Creating an OpenCluster object for praesepe
2019-09-09 10:28:35,794 - opencluster_2019_09_09 - INFO - Created an OpenCluster object for praesepe
2019-09-09 10:28:35,794 - opencluster_2019_09_09 - INFO - Created an OpenCluster object for praesepe
2019-09-09 10:33:06,982 - opencluster_2019_09_09 - INFO - Started logger.
2019-09-09 10:33:08,468 - opencluster_2019_09_09 - INFO - Started logger.
2019-09-09 10:33:08,468 - opencluster_2019_09_09 - INFO - Started logger.
2019-09-09 10:33:15,102 - opencluster_2019_09_09 - INFO - Creating an OpenCluster object for pleiades
2019-09-09 10:33:15,102 - opencluster_2019_09_09 - INFO - Creating an OpenCluster object for pleiades
2019-09-09 10:33:15,104 - opencluster_2019_09_09 - INFO - Created an OpenCluster object for pleiades
2019-09-09 10:33:15,104 - opencluster_2019_09_09 - INFO - Created an OpenCluster object for pleiades
2019-09-09 10:34:50,140 - opencluster_2019_09_09 - INFO - Creating an OpenCluster object for hyades
2019-09-09 10:34:50,140 - opencluster_2019_09_09 - INFO - Creating an OpenCluster object for hyades
2019-09-09 10:34:50,142 - opencluster_2019_09_09 - INFO - Created an OpenCluster object for hyades
2019-09-09 10:34:50,142 - opencluster_2019_09_09 - INFO - Created an OpenCluster object for hyades
2019-09-09 10:35:19,752 - opencluster_2019_09_09 - INFO - Creating an OpenCluster object for praesepe
2019-09-09 10:35:19,752 - opencluster_2019_09_09 - INFO - Creating an OpenCluster object for praesepe
2019-09-09 10:35:19,754 - opencluster_2019_09_09 - INFO - Created an OpenCluster object for praesepe
2019-09-09 10:35:19,754 - opencluster_2019_09_09 - INFO - Created an OpenCluster object for praesepe
2019-09-09 10:37:09,980 - opencluster_2019_09_09 - INFO - Creating an OpenCluster object for ngc6774
2019-09-09 10:37:09,980 - opencluster_2019_09_09 - INFO - Creating an OpenCluster object for ngc6774
2019-09-09 10:37:09,981 - opencluster_2019_09_09 - INFO - Created an OpenCluster object for ngc6774
2019-09-09 10:37:09,981 - opencluster_2019_09_09 - INFO - Created an OpenCluster object for ngc6774
2019-09-09 10:37:23,524 - opencluster_2019_09_09 - INFO - Creating an OpenCluster object for ngc2168
2019-09-09 10:37:23,524 - opencluster_2019_09_09 - INFO - Creating an OpenCluster object for ngc2168
2019-09-09 10:37:23,525 - opencluster_2019_09_09 - INFO - Created an OpenCluster object for ngc2168
2019-09-09 10:37:23,525 - opencluster_2019_09_09 - INFO - Created an OpenCluster object for ngc2168
2019-09-09 10:37:40,834 - opencluster_2019_09_09 - INFO - Creating an OpenCluster object for ngc2682
2019-09-09 10:37:40,834 - opencluster_2019_09_09 - INFO - Creating an OpenCluster object for ngc2682
2019-09-09 10:37:40,835 - opencluster_2019_09_09 - INFO - Created an OpenCluster object for ngc2682
2019-09-09 10:37:40,835 - opencluster_2019_09_09 - INFO - Created an OpenCluster object for ngc2682
2019-09-09 10:40:35,075 - opencluster_2019_09_09 - INFO - Started logger.
2019-09-09 10:40:36,631 - opencluster_2019_09_09 - INFO - Started logger.
2019-09-09 10:40:36,631 - opencluster_2019_09_09 - INFO - Started logger.
2019-09-09 10:40:43,204 - opencluster_2019_09_09 - INFO - Creating an OpenCluster object for ngc2682
2019-09-09 10:40:43,204 - opencluster_2019_09_09 - INFO - Creating an OpenCluster object for ngc2682
2019-09-09 10:40:43,205 - opencluster_2019_09_09 - INFO - Created an OpenCluster object for ngc2682
2019-09-09 10:40:43,205 - opencluster_2019_09_09 - INFO - Created an OpenCluster object for ngc2682
2019-09-09 10:45:31,748 - opencluster_2019_09_09 - INFO - Creating an OpenCluster object for ngc2682
2019-09-09 10:45:31,748 - opencluster_2019_09_09 - INFO - Creating an OpenCluster object for ngc2682
2019-09-09 10:45:31,749 - opencluster_2019_09_09 - INFO - Created an OpenCluster object for ngc2682
2019-09-09 10:45:31,749 - opencluster_2019_09_09 - INFO - Created an OpenCluster object for ngc2682
2019-09-09 10:47:50,942 - opencluster_2019_09_09 - INFO - Creating an OpenCluster object for pleiades
2019-09-09 10:47:50,942 - opencluster_2019_09_09 - INFO - Creating an OpenCluster object for pleiades
2019-09-09 10:47:50,943 - opencluster_2019_09_09 - INFO - Created an OpenCluster object for pleiades
2019-09-09 10:47:50,943 - opencluster_2019_09_09 - INFO - Created an OpenCluster object for pleiades
2019-09-09 10:52:19,396 - opencluster_2019_09_09 - INFO - Started logger.
2019-09-09 10:52:21,098 - opencluster_2019_09_09 - INFO - Started logger.
2019-09-09 10:52:21,098 - opencluster_2019_09_09 - INFO - Started logger.
2019-09-09 10:52:28,216 - opencluster_2019_09_09 - INFO - Creating an OpenCluster object for pleiades
2019-09-09 10:52:28,216 - opencluster_2019_09_09 - INFO - Creating an OpenCluster object for pleiades
2019-09-09 10:52:28,217 - opencluster_2019_09_09 - INFO - Created an OpenCluster object for pleiades
2019-09-09 10:52:28,217 - opencluster_2019_09_09 - INFO - Created an OpenCluster object for pleiades
2019-09-09 10:55:06,783 - opencluster_2019_09_09 - INFO - Creating an OpenCluster object for hyades
2019-09-09 10:55:06,783 - opencluster_2019_09_09 - INFO - Creating an OpenCluster object for hyades
2019-09-09 10:55:06,784 - opencluster_2019_09_09 - INFO - Created an OpenCluster object for hyades
2019-09-09 10:55:06,784 - opencluster_2019_09_09 - INFO - Created an OpenCluster object for hyades
2019-09-09 10:55:36,835 - opencluster_2019_09_09 - INFO - Creating an OpenCluster object for praesepe
2019-09-09 10:55:36,835 - opencluster_2019_09_09 - INFO - Creating an OpenCluster object for praesepe
2019-09-09 10:55:36,837 - opencluster_2019_09_09 - INFO - Created an OpenCluster object for praesepe
2019-09-09 10:55:36,837 - opencluster_2019_09_09 - INFO - Created an OpenCluster object for praesepe
2019-09-09 10:57:28,814 - opencluster_2019_09_09 - INFO - Creating an OpenCluster object for ngc6774
2019-09-09 10:57:28,814 - opencluster_2019_09_09 - INFO - Creating an OpenCluster object for ngc6774
2019-09-09 10:57:28,816 - opencluster_2019_09_09 - INFO - Created an OpenCluster object for ngc6774
2019-09-09 10:57:28,816 - opencluster_2019_09_09 - INFO - Created an OpenCluster object for ngc6774
2019-09-09 10:57:42,060 - opencluster_2019_09_09 - INFO - Creating an OpenCluster object for ngc2168
2019-09-09 10:57:42,060 - opencluster_2019_09_09 - INFO - Creating an OpenCluster object for ngc2168
2019-09-09 10:57:42,062 - opencluster_2019_09_09 - INFO - Created an OpenCluster object for ngc2168
2019-09-09 10:57:42,062 - opencluster_2019_09_09 - INFO - Created an OpenCluster object for ngc2168
2019-09-09 10:57:59,776 - opencluster_2019_09_09 - INFO - Creating an OpenCluster object for ngc2682
2019-09-09 10:57:59,776 - opencluster_2019_09_09 - INFO - Creating an OpenCluster object for ngc2682
2019-09-09 10:57:59,777 - opencluster_2019_09_09 - INFO - Created an OpenCluster object for ngc2682
2019-09-09 10:57:59,777 - opencluster_2019_09_09 - INFO - Created an OpenCluster object for ngc2682
2019-09-09 11:02:05,982 - opencluster_2019_09_09 - INFO - Creating an OpenCluster object for hyades
2019-09-09 11:02:05,982 - opencluster_2019_09_09 - INFO - Creating an OpenCluster object for hyades
2019-09-09 11:02:05,983 - opencluster_2019_09_09 - INFO - Created an OpenCluster object for hyades
2019-09-09 11:02:05,983 - opencluster_2019_09_09 - INFO - Created an OpenCluster object for hyades
2019-09-09 11:03:29,717 - opencluster_2019_09_09 - INFO - Creating an OpenCluster object for ngc6774
2019-09-09 11:03:29,717 - opencluster_2019_09_09 - INFO - Creating an OpenCluster object for ngc6774
2019-09-09 11:03:29,721 - opencluster_2019_09_09 - INFO - Created an OpenCluster object for ngc6774
2019-09-09 11:03:29,721 - opencluster_2019_09_09 - INFO - Created an OpenCluster object for ngc6774
2019-09-09 11:03:44,640 - opencluster_2019_09_09 - INFO - Creating an OpenCluster object for ngc2168
2019-09-09 11:03:44,640 - opencluster_2019_09_09 - INFO - Creating an OpenCluster object for ngc2168
2019-09-09 11:03:44,641 - opencluster_2019_09_09 - INFO - Created an OpenCluster object for ngc2168
2019-09-09 11:03:44,641 - opencluster_2019_09_09 - INFO - Created an OpenCluster object for ngc2168
2019-09-09 11:05:38,671 - opencluster_2019_09_09 - INFO - Creating an OpenCluster object for ngc6774
2019-09-09 11:05:38,671 - opencluster_2019_09_09 - INFO - Creating an OpenCluster object for ngc6774
2019-09-09 11:05:38,674 - opencluster_2019_09_09 - INFO - Created an OpenCluster object for ngc6774
2019-09-09 11:05:38,674 - opencluster_2019_09_09 - INFO - Created an OpenCluster object for ngc6774
2019-09-09 11:05:52,962 - opencluster_2019_09_09 - INFO - Creating an OpenCluster object for ngc2168
2019-09-09 11:05:52,962 - opencluster_2019_09_09 - INFO - Creating an OpenCluster object for ngc2168
2019-09-09 11:05:52,968 - opencluster_2019_09_09 - INFO - Created an OpenCluster object for ngc2168
2019-09-09 11:05:52,968 - opencluster_2019_09_09 - INFO - Created an OpenCluster object for ngc2168
2019-09-09 11:20:05,730 - opencluster_2019_09_09 - INFO - Started logger.
2019-09-09 11:20:17,904 - opencluster_2019_09_09 - INFO - Started logger.
2019-09-09 11:20:17,904 - opencluster_2019_09_09 - INFO - Started logger.
2019-09-09 11:20:29,729 - opencluster_2019_09_09 - INFO - Creating an OpenCluster object for ngc2682
2019-09-09 11:20:29,729 - opencluster_2019_09_09 - INFO - Creating an OpenCluster object for ngc2682
2019-09-09 11:20:29,731 - opencluster_2019_09_09 - INFO - Created an OpenCluster object for ngc2682
2019-09-09 11:20:29,731 - opencluster_2019_09_09 - INFO - Created an OpenCluster object for ngc2682
2019-09-09 11:30:28,122 - opencluster_2019_09_09 - INFO - Creating an OpenCluster object for ngc2682
2019-09-09 11:30:28,122 - opencluster_2019_09_09 - INFO - Creating an OpenCluster object for ngc2682
2019-09-09 11:30:28,123 - opencluster_2019_09_09 - INFO - Created an OpenCluster object for ngc2682
2019-09-09 11:30:28,123 - opencluster_2019_09_09 - INFO - Created an OpenCluster object for ngc2682
2019-09-09 11:30:50,753 - opencluster_2019_09_09 - INFO - Creating an OpenCluster object for ngc2682
2019-09-09 11:30:50,753 - opencluster_2019_09_09 - INFO - Creating an OpenCluster object for ngc2682
2019-09-09 11:30:50,754 - opencluster_2019_09_09 - INFO - Created an OpenCluster object for ngc2682
2019-09-09 11:30:50,754 - opencluster_2019_09_09 - INFO - Created an OpenCluster object for ngc2682
2019-09-09 11:31:25,053 - opencluster_2019_09_09 - INFO - Creating an OpenCluster object for ngc2682
2019-09-09 11:31:25,053 - opencluster_2019_09_09 - INFO - Creating an OpenCluster object for ngc2682
2019-09-09 11:31:25,054 - opencluster_2019_09_09 - INFO - Created an OpenCluster object for ngc2682
2019-09-09 11:31:25,054 - opencluster_2019_09_09 - INFO - Created an OpenCluster object for ngc2682
2019-09-09 11:31:35,324 - opencluster_2019_09_09 - INFO - Started logger.
2019-09-09 11:32:04,911 - opencluster_2019_09_09 - INFO - Started logger.
2019-09-09 11:32:06,445 - opencluster_2019_09_09 - INFO - Started logger.
2019-09-09 11:32:06,445 - opencluster_2019_09_09 - INFO - Started logger.
2019-09-09 11:32:13,608 - opencluster_2019_09_09 - INFO - Creating an OpenCluster object for ngc2682
2019-09-09 11:32:13,608 - opencluster_2019_09_09 - INFO - Creating an OpenCluster object for ngc2682
2019-09-09 11:32:13,609 - opencluster_2019_09_09 - INFO - Created an OpenCluster object for ngc2682
2019-09-09 11:32:13,609 - opencluster_2019_09_09 - INFO - Created an OpenCluster object for ngc2682
2019-09-09 11:35:38,415 - opencluster_2019_09_09 - INFO - Creating an OpenCluster object for pleiades
2019-09-09 11:35:38,415 - opencluster_2019_09_09 - INFO - Creating an OpenCluster object for pleiades
2019-09-09 11:35:38,416 - opencluster_2019_09_09 - INFO - Created an OpenCluster object for pleiades
2019-09-09 11:35:38,416 - opencluster_2019_09_09 - INFO - Created an OpenCluster object for pleiades
2019-09-09 11:37:09,673 - opencluster_2019_09_09 - INFO - Creating an OpenCluster object for hyades
2019-09-09 11:37:09,673 - opencluster_2019_09_09 - INFO - Creating an OpenCluster object for hyades
2019-09-09 11:37:09,674 - opencluster_2019_09_09 - INFO - Created an OpenCluster object for hyades
2019-09-09 11:37:09,674 - opencluster_2019_09_09 - INFO - Created an OpenCluster object for hyades
2019-09-09 11:37:39,501 - opencluster_2019_09_09 - INFO - Creating an OpenCluster object for praesepe
2019-09-09 11:37:39,501 - opencluster_2019_09_09 - INFO - Creating an OpenCluster object for praesepe
2019-09-09 11:37:39,503 - opencluster_2019_09_09 - INFO - Created an OpenCluster object for praesepe
2019-09-09 11:37:39,503 - opencluster_2019_09_09 - INFO - Created an OpenCluster object for praesepe
2019-09-09 11:39:28,870 - opencluster_2019_09_09 - INFO - Creating an OpenCluster object for ngc6774
2019-09-09 11:39:28,870 - opencluster_2019_09_09 - INFO - Creating an OpenCluster object for ngc6774
2019-09-09 11:39:28,871 - opencluster_2019_09_09 - INFO - Created an OpenCluster object for ngc6774
2019-09-09 11:39:28,871 - opencluster_2019_09_09 - INFO - Created an OpenCluster object for ngc6774
2019-09-09 11:39:41,828 - opencluster_2019_09_09 - INFO - Creating an OpenCluster object for ngc2168
2019-09-09 11:39:41,828 - opencluster_2019_09_09 - INFO - Creating an OpenCluster object for ngc2168
2019-09-09 11:39:41,830 - opencluster_2019_09_09 - INFO - Created an OpenCluster object for ngc2168
2019-09-09 11:39:41,830 - opencluster_2019_09_09 - INFO - Created an OpenCluster object for ngc2168
2019-09-09 11:39:59,665 - opencluster_2019_09_09 - INFO - Creating an OpenCluster object for ngc2682
2019-09-09 11:39:59,665 - opencluster_2019_09_09 - INFO - Creating an OpenCluster object for ngc2682
2019-09-09 11:39:59,666 - opencluster_2019_09_09 - INFO - Created an OpenCluster object for ngc2682
2019-09-09 11:39:59,666 - opencluster_2019_09_09 - INFO - Created an OpenCluster object for ngc2682
2019-09-09 11:48:25,440 - opencluster_2019_09_09 - INFO - Creating an OpenCluster object for hyades
2019-09-09 11:48:25,440 - opencluster_2019_09_09 - INFO - Creating an OpenCluster object for hyades
2019-09-09 11:48:25,441 - opencluster_2019_09_09 - INFO - Created an OpenCluster object for hyades
2019-09-09 11:48:25,441 - opencluster_2019_09_09 - INFO - Created an OpenCluster object for hyades
2019-09-09 11:49:59,264 - opencluster_2019_09_09 - INFO - Creating an OpenCluster object for ngc6774
2019-09-09 11:49:59,264 - opencluster_2019_09_09 - INFO - Creating an OpenCluster object for ngc6774
2019-09-09 11:49:59,266 - opencluster_2019_09_09 - INFO - Created an OpenCluster object for ngc6774
2019-09-09 11:49:59,266 - opencluster_2019_09_09 - INFO - Created an OpenCluster object for ngc6774
2019-09-09 11:50:12,070 - opencluster_2019_09_09 - INFO - Creating an OpenCluster object for ngc2168
2019-09-09 11:50:12,070 - opencluster_2019_09_09 - INFO - Creating an OpenCluster object for ngc2168
2019-09-09 11:50:12,072 - opencluster_2019_09_09 - INFO - Created an OpenCluster object for ngc2168
2019-09-09 11:50:12,072 - opencluster_2019_09_09 - INFO - Created an OpenCluster object for ngc2168
2019-09-09 13:02:55,042 - opencluster_2019_09_09 - INFO - Started logger.
2019-09-09 13:02:57,861 - opencluster_2019_09_09 - INFO - Started logger.
2019-09-09 13:02:57,861 - opencluster_2019_09_09 - INFO - Started logger.
2019-09-09 13:03:12,505 - opencluster_2019_09_09 - INFO - Creating an OpenCluster object for pleiades
2019-09-09 13:03:12,505 - opencluster_2019_09_09 - INFO - Creating an OpenCluster object for pleiades
2019-09-09 13:03:12,508 - opencluster_2019_09_09 - INFO - Created an OpenCluster object for pleiades
2019-09-09 13:03:12,508 - opencluster_2019_09_09 - INFO - Created an OpenCluster object for pleiades
2019-09-09 13:08:50,289 - opencluster_2019_09_09 - INFO - Started logger.
2019-09-09 13:08:53,301 - opencluster_2019_09_09 - INFO - Started logger.
2019-09-09 13:08:53,301 - opencluster_2019_09_09 - INFO - Started logger.
2019-09-09 13:09:04,713 - opencluster_2019_09_09 - INFO - Creating an OpenCluster object for hyades
2019-09-09 13:09:04,713 - opencluster_2019_09_09 - INFO - Creating an OpenCluster object for hyades
2019-09-09 13:09:04,715 - opencluster_2019_09_09 - INFO - Created an OpenCluster object for hyades
2019-09-09 13:09:04,715 - opencluster_2019_09_09 - INFO - Created an OpenCluster object for hyades
2019-09-09 13:11:26,026 - opencluster_2019_09_09 - INFO - Started logger.
2019-09-09 13:11:27,463 - opencluster_2019_09_09 - INFO - Started logger.
2019-09-09 13:11:27,463 - opencluster_2019_09_09 - INFO - Started logger.
2019-09-09 13:11:33,943 - opencluster_2019_09_09 - INFO - Creating an OpenCluster object for hyades
2019-09-09 13:11:33,943 - opencluster_2019_09_09 - INFO - Creating an OpenCluster object for hyades
2019-09-09 13:11:33,944 - opencluster_2019_09_09 - INFO - Created an OpenCluster object for hyades
2019-09-09 13:11:33,944 - opencluster_2019_09_09 - INFO - Created an OpenCluster object for hyades
2019-09-09 13:12:15,514 - opencluster_2019_09_09 - INFO - Started logger.
2019-09-09 13:12:16,915 - opencluster_2019_09_09 - INFO - Started logger.
2019-09-09 13:12:16,915 - opencluster_2019_09_09 - INFO - Started logger.
2019-09-09 13:12:23,184 - opencluster_2019_09_09 - INFO - Creating an OpenCluster object for hyades
2019-09-09 13:12:23,184 - opencluster_2019_09_09 - INFO - Creating an OpenCluster object for hyades
2019-09-09 13:12:23,186 - opencluster_2019_09_09 - INFO - Created an OpenCluster object for hyades
2019-09-09 13:12:23,186 - opencluster_2019_09_09 - INFO - Created an OpenCluster object for hyades
2019-09-09 13:16:50,695 - opencluster_2019_09_09 - INFO - Started logger.
2019-09-09 13:16:53,234 - opencluster_2019_09_09 - INFO - Started logger.
2019-09-09 13:16:53,234 - opencluster_2019_09_09 - INFO - Started logger.
2019-09-09 13:17:03,371 - opencluster_2019_09_09 - INFO - Creating an OpenCluster object for hyades
2019-09-09 13:17:03,371 - opencluster_2019_09_09 - INFO - Creating an OpenCluster object for hyades
2019-09-09 13:17:03,372 - opencluster_2019_09_09 - INFO - Created an OpenCluster object for hyades
2019-09-09 13:17:03,372 - opencluster_2019_09_09 - INFO - Created an OpenCluster object for hyades
2019-09-09 13:18:45,261 - opencluster_2019_09_09 - INFO - Started logger.
2019-09-09 13:18:47,286 - opencluster_2019_09_09 - INFO - Started logger.
2019-09-09 13:18:47,286 - opencluster_2019_09_09 - INFO - Started logger.
2019-09-09 13:18:57,720 - opencluster_2019_09_09 - INFO - Creating an OpenCluster object for pleiades
2019-09-09 13:18:57,720 - opencluster_2019_09_09 - INFO - Creating an OpenCluster object for pleiades
2019-09-09 13:18:57,722 - opencluster_2019_09_09 - INFO - Created an OpenCluster object for pleiades
2019-09-09 13:18:57,722 - opencluster_2019_09_09 - INFO - Created an OpenCluster object for pleiades
2019-09-09 13:21:07,391 - opencluster_2019_09_09 - INFO - Creating an OpenCluster object for hyades
2019-09-09 13:21:07,391 - opencluster_2019_09_09 - INFO - Creating an OpenCluster object for hyades
2019-09-09 13:21:07,393 - opencluster_2019_09_09 - INFO - Created an OpenCluster object for hyades
2019-09-09 13:21:07,393 - opencluster_2019_09_09 - INFO - Created an OpenCluster object for hyades
2019-09-09 13:24:32,765 - opencluster_2019_09_09 - INFO - Started logger.
2019-09-09 13:24:35,555 - opencluster_2019_09_09 - INFO - Started logger.
2019-09-09 13:24:35,555 - opencluster_2019_09_09 - INFO - Started logger.
2019-09-09 13:24:48,398 - opencluster_2019_09_09 - INFO - Creating an OpenCluster object for pleiades
2019-09-09 13:24:48,398 - opencluster_2019_09_09 - INFO - Creating an OpenCluster object for pleiades
2019-09-09 13:24:48,400 - opencluster_2019_09_09 - INFO - Created an OpenCluster object for pleiades
2019-09-09 13:24:48,400 - opencluster_2019_09_09 - INFO - Created an OpenCluster object for pleiades
2019-09-09 13:27:02,608 - opencluster_2019_09_09 - INFO - Creating an OpenCluster object for hyades
2019-09-09 13:27:02,608 - opencluster_2019_09_09 - INFO - Creating an OpenCluster object for hyades
2019-09-09 13:27:02,610 - opencluster_2019_09_09 - INFO - Created an OpenCluster object for hyades
2019-09-09 13:27:02,610 - opencluster_2019_09_09 - INFO - Created an OpenCluster object for hyades
2019-09-09 13:28:14,387 - opencluster_2019_09_09 - INFO - Started logger.
2019-09-09 13:28:16,751 - opencluster_2019_09_09 - INFO - Started logger.
2019-09-09 13:28:16,751 - opencluster_2019_09_09 - INFO - Started logger.
2019-09-09 13:28:27,332 - opencluster_2019_09_09 - INFO - Creating an OpenCluster object for pleiades
2019-09-09 13:28:27,332 - opencluster_2019_09_09 - INFO - Creating an OpenCluster object for pleiades
2019-09-09 13:28:27,333 - opencluster_2019_09_09 - INFO - Created an OpenCluster object for pleiades
2019-09-09 13:28:27,333 - opencluster_2019_09_09 - INFO - Created an OpenCluster object for pleiades
2019-09-09 13:30:38,667 - opencluster_2019_09_09 - INFO - Creating an OpenCluster object for hyades
2019-09-09 13:30:38,667 - opencluster_2019_09_09 - INFO - Creating an OpenCluster object for hyades
2019-09-09 13:30:38,670 - opencluster_2019_09_09 - INFO - Created an OpenCluster object for hyades
2019-09-09 13:30:38,670 - opencluster_2019_09_09 - INFO - Created an OpenCluster object for hyades
2019-09-09 13:33:04,714 - opencluster_2019_09_09 - INFO - Started logger.
2019-09-09 13:33:07,464 - opencluster_2019_09_09 - INFO - Started logger.
2019-09-09 13:33:07,464 - opencluster_2019_09_09 - INFO - Started logger.
2019-09-09 13:33:17,730 - opencluster_2019_09_09 - INFO - Creating an OpenCluster object for pleiades
2019-09-09 13:33:17,730 - opencluster_2019_09_09 - INFO - Creating an OpenCluster object for pleiades
2019-09-09 13:33:17,732 - opencluster_2019_09_09 - INFO - Created an OpenCluster object for pleiades
2019-09-09 13:33:17,732 - opencluster_2019_09_09 - INFO - Created an OpenCluster object for pleiades
2019-09-09 13:35:34,670 - opencluster_2019_09_09 - INFO - Creating an OpenCluster object for hyades
2019-09-09 13:35:34,670 - opencluster_2019_09_09 - INFO - Creating an OpenCluster object for hyades
2019-09-09 13:35:34,684 - opencluster_2019_09_09 - INFO - Created an OpenCluster object for hyades
2019-09-09 13:35:34,684 - opencluster_2019_09_09 - INFO - Created an OpenCluster object for hyades
2019-09-09 13:42:11,046 - opencluster_2019_09_09 - INFO - Started logger.
2019-09-09 13:42:13,746 - opencluster_2019_09_09 - INFO - Started logger.
2019-09-09 13:42:13,746 - opencluster_2019_09_09 - INFO - Started logger.
2019-09-09 13:42:25,161 - opencluster_2019_09_09 - INFO - Creating an OpenCluster object for pleiades
2019-09-09 13:42:25,161 - opencluster_2019_09_09 - INFO - Creating an OpenCluster object for pleiades
2019-09-09 13:42:25,166 - opencluster_2019_09_09 - INFO - Created an OpenCluster object for pleiades
2019-09-09 13:42:25,166 - opencluster_2019_09_09 - INFO - Created an OpenCluster object for pleiades
2019-09-09 13:44:58,764 - opencluster_2019_09_09 - INFO - Started logger.
2019-09-09 13:45:01,144 - opencluster_2019_09_09 - INFO - Started logger.
2019-09-09 13:45:01,144 - opencluster_2019_09_09 - INFO - Started logger.
2019-09-09 13:45:12,574 - opencluster_2019_09_09 - INFO - Creating an OpenCluster object for pleiades
2019-09-09 13:45:12,574 - opencluster_2019_09_09 - INFO - Creating an OpenCluster object for pleiades
2019-09-09 13:45:12,576 - opencluster_2019_09_09 - INFO - Created an OpenCluster object for pleiades
2019-09-09 13:45:12,576 - opencluster_2019_09_09 - INFO - Created an OpenCluster object for pleiades
2019-09-09 13:47:33,188 - opencluster_2019_09_09 - INFO - Creating an OpenCluster object for hyades
2019-09-09 13:47:33,188 - opencluster_2019_09_09 - INFO - Creating an OpenCluster object for hyades
2019-09-09 13:47:33,190 - opencluster_2019_09_09 - INFO - Created an OpenCluster object for hyades
2019-09-09 13:47:33,190 - opencluster_2019_09_09 - INFO - Created an OpenCluster object for hyades
2019-09-09 13:49:26,555 - opencluster_2019_09_09 - INFO - Started logger.
2019-09-09 13:49:29,243 - opencluster_2019_09_09 - INFO - Started logger.
2019-09-09 13:49:29,243 - opencluster_2019_09_09 - INFO - Started logger.
2019-09-09 13:49:40,234 - opencluster_2019_09_09 - INFO - Creating an OpenCluster object for pleiades
2019-09-09 13:49:40,234 - opencluster_2019_09_09 - INFO - Creating an OpenCluster object for pleiades
2019-09-09 13:49:40,236 - opencluster_2019_09_09 - INFO - Created an OpenCluster object for pleiades
2019-09-09 13:49:40,236 - opencluster_2019_09_09 - INFO - Created an OpenCluster object for pleiades
2019-09-09 13:51:53,315 - opencluster_2019_09_09 - INFO - Creating an OpenCluster object for hyades
2019-09-09 13:51:53,315 - opencluster_2019_09_09 - INFO - Creating an OpenCluster object for hyades
2019-09-09 13:51:53,316 - opencluster_2019_09_09 - INFO - Created an OpenCluster object for hyades
2019-09-09 13:51:53,316 - opencluster_2019_09_09 - INFO - Created an OpenCluster object for hyades
2019-09-09 13:53:23,327 - opencluster_2019_09_09 - INFO - Started logger.
2019-09-09 13:53:25,596 - opencluster_2019_09_09 - INFO - Started logger.
2019-09-09 13:53:25,596 - opencluster_2019_09_09 - INFO - Started logger.
2019-09-09 13:53:35,840 - opencluster_2019_09_09 - INFO - Creating an OpenCluster object for praesepe
2019-09-09 13:53:35,840 - opencluster_2019_09_09 - INFO - Creating an OpenCluster object for praesepe
2019-09-09 13:53:35,841 - opencluster_2019_09_09 - INFO - Created an OpenCluster object for praesepe
2019-09-09 13:53:35,841 - opencluster_2019_09_09 - INFO - Created an OpenCluster object for praesepe
2019-09-09 13:56:31,231 - opencluster_2019_09_09 - INFO - Creating an OpenCluster object for ngc6774
2019-09-09 13:56:31,231 - opencluster_2019_09_09 - INFO - Creating an OpenCluster object for ngc6774
2019-09-09 13:56:31,233 - opencluster_2019_09_09 - INFO - Created an OpenCluster object for ngc6774
2019-09-09 13:56:31,233 - opencluster_2019_09_09 - INFO - Created an OpenCluster object for ngc6774
2019-09-09 13:56:48,875 - opencluster_2019_09_09 - INFO - Creating an OpenCluster object for ngc2168
2019-09-09 13:56:48,875 - opencluster_2019_09_09 - INFO - Creating an OpenCluster object for ngc2168
2019-09-09 13:56:48,878 - opencluster_2019_09_09 - INFO - Created an OpenCluster object for ngc2168
2019-09-09 13:56:48,878 - opencluster_2019_09_09 - INFO - Created an OpenCluster object for ngc2168
2019-09-09 13:57:15,740 - opencluster_2019_09_09 - INFO - Creating an OpenCluster object for ngc2682
2019-09-09 13:57:15,740 - opencluster_2019_09_09 - INFO - Creating an OpenCluster object for ngc2682
2019-09-09 13:57:15,742 - opencluster_2019_09_09 - INFO - Created an OpenCluster object for ngc2682
2019-09-09 13:57:15,742 - opencluster_2019_09_09 - INFO - Created an OpenCluster object for ngc2682
2019-09-09 14:09:33,510 - opencluster_2019_09_09 - INFO - Creating an OpenCluster object for ngc6774
2019-09-09 14:09:33,510 - opencluster_2019_09_09 - INFO - Creating an OpenCluster object for ngc6774
2019-09-09 14:09:33,513 - opencluster_2019_09_09 - INFO - Created an OpenCluster object for ngc6774
2019-09-09 14:09:33,513 - opencluster_2019_09_09 - INFO - Created an OpenCluster object for ngc6774
2019-09-09 14:09:54,078 - opencluster_2019_09_09 - INFO - Creating an OpenCluster object for ngc2168
2019-09-09 14:09:54,078 - opencluster_2019_09_09 - INFO - Creating an OpenCluster object for ngc2168
2019-09-09 14:09:54,082 - opencluster_2019_09_09 - INFO - Created an OpenCluster object for ngc2168
2019-09-09 14:09:54,082 - opencluster_2019_09_09 - INFO - Created an OpenCluster object for ngc2168
2019-09-09 14:14:34,363 - opencluster_2019_09_09 - INFO - Creating an OpenCluster object for ngc6774
2019-09-09 14:14:34,363 - opencluster_2019_09_09 - INFO - Creating an OpenCluster object for ngc6774
2019-09-09 14:14:34,365 - opencluster_2019_09_09 - INFO - Created an OpenCluster object for ngc6774
2019-09-09 14:14:34,365 - opencluster_2019_09_09 - INFO - Created an OpenCluster object for ngc6774
2019-09-09 14:14:53,301 - opencluster_2019_09_09 - INFO - Creating an OpenCluster object for ngc2168
2019-09-09 14:14:53,301 - opencluster_2019_09_09 - INFO - Creating an OpenCluster object for ngc2168
2019-09-09 14:14:53,303 - opencluster_2019_09_09 - INFO - Created an OpenCluster object for ngc2168
2019-09-09 14:14:53,303 - opencluster_2019_09_09 - INFO - Created an OpenCluster object for ngc2168
2019-09-09 14:29:22,346 - opencluster_2019_09_09 - INFO - Started logger.
2019-09-09 14:29:24,035 - opencluster_2019_09_09 - INFO - Started logger.
2019-09-09 14:29:24,035 - opencluster_2019_09_09 - INFO - Started logger.
2019-09-09 14:29:32,286 - opencluster_2019_09_09 - INFO - Creating an OpenCluster object for ngc6774
2019-09-09 14:29:32,286 - opencluster_2019_09_09 - INFO - Creating an OpenCluster object for ngc6774
2019-09-09 14:29:32,288 - opencluster_2019_09_09 - INFO - Created an OpenCluster object for ngc6774
2019-09-09 14:29:32,288 - opencluster_2019_09_09 - INFO - Created an OpenCluster object for ngc6774
2019-09-09 14:29:45,285 - opencluster_2019_09_09 - INFO - Creating an OpenCluster object for ngc2168
2019-09-09 14:29:45,285 - opencluster_2019_09_09 - INFO - Creating an OpenCluster object for ngc2168
2019-09-09 14:29:45,286 - opencluster_2019_09_09 - INFO - Created an OpenCluster object for ngc2168
2019-09-09 14:29:45,286 - opencluster_2019_09_09 - INFO - Created an OpenCluster object for ngc2168
2019-09-09 14:31:05,288 - opencluster_2019_09_09 - INFO - Creating an OpenCluster object for hyades
2019-09-09 14:31:05,288 - opencluster_2019_09_09 - INFO - Creating an OpenCluster object for hyades
2019-09-09 14:31:05,289 - opencluster_2019_09_09 - INFO - Created an OpenCluster object for hyades
2019-09-09 14:31:05,289 - opencluster_2019_09_09 - INFO - Created an OpenCluster object for hyades
2019-09-09 14:33:00,572 - opencluster_2019_09_09 - INFO - Creating an OpenCluster object for pleiades
2019-09-09 14:33:00,572 - opencluster_2019_09_09 - INFO - Creating an OpenCluster object for pleiades
2019-09-09 14:33:00,573 - opencluster_2019_09_09 - INFO - Created an OpenCluster object for pleiades
2019-09-09 14:33:00,573 - opencluster_2019_09_09 - INFO - Created an OpenCluster object for pleiades
2019-09-09 14:34:57,332 - opencluster_2019_09_09 - INFO - Creating an OpenCluster object for praesepe
2019-09-09 14:34:57,332 - opencluster_2019_09_09 - INFO - Creating an OpenCluster object for praesepe
2019-09-09 14:34:57,334 - opencluster_2019_09_09 - INFO - Created an OpenCluster object for praesepe
2019-09-09 14:34:57,334 - opencluster_2019_09_09 - INFO - Created an OpenCluster object for praesepe
2019-09-09 14:37:24,221 - opencluster_2019_09_09 - INFO - Creating an OpenCluster object for ngc2682
2019-09-09 14:37:24,221 - opencluster_2019_09_09 - INFO - Creating an OpenCluster object for ngc2682
2019-09-09 14:37:24,222 - opencluster_2019_09_09 - INFO - Created an OpenCluster object for ngc2682
2019-09-09 14:37:24,222 - opencluster_2019_09_09 - INFO - Created an OpenCluster object for ngc2682
