2019-09-16 07:28:57,329 - opencluster_2019_09_16 - INFO - Started logger.
2019-09-16 07:29:06,769 - opencluster_2019_09_16 - INFO - Started logger.
2019-09-16 07:29:06,769 - opencluster_2019_09_16 - INFO - Started logger.
2019-09-16 07:29:16,777 - opencluster_2019_09_16 - INFO - Creating an OpenCluster object for pleiades
2019-09-16 07:29:16,777 - opencluster_2019_09_16 - INFO - Creating an OpenCluster object for pleiades
2019-09-16 07:29:16,778 - opencluster_2019_09_16 - INFO - Created an OpenCluster object for pleiades
2019-09-16 07:29:16,778 - opencluster_2019_09_16 - INFO - Created an OpenCluster object for pleiades
2019-09-16 07:30:50,281 - opencluster_2019_09_16 - INFO - Creating an OpenCluster object for hyades
2019-09-16 07:30:50,281 - opencluster_2019_09_16 - INFO - Creating an OpenCluster object for hyades
2019-09-16 07:30:50,283 - opencluster_2019_09_16 - INFO - Created an OpenCluster object for hyades
2019-09-16 07:30:50,283 - opencluster_2019_09_16 - INFO - Created an OpenCluster object for hyades
2019-09-16 07:31:20,479 - opencluster_2019_09_16 - INFO - Creating an OpenCluster object for praesepe
2019-09-16 07:31:20,479 - opencluster_2019_09_16 - INFO - Creating an OpenCluster object for praesepe
2019-09-16 07:31:20,481 - opencluster_2019_09_16 - INFO - Created an OpenCluster object for praesepe
2019-09-16 07:31:20,481 - opencluster_2019_09_16 - INFO - Created an OpenCluster object for praesepe
2019-09-16 07:33:11,880 - opencluster_2019_09_16 - INFO - Creating an OpenCluster object for ngc6774
2019-09-16 07:33:11,880 - opencluster_2019_09_16 - INFO - Creating an OpenCluster object for ngc6774
2019-09-16 07:33:11,881 - opencluster_2019_09_16 - INFO - Created an OpenCluster object for ngc6774
2019-09-16 07:33:11,881 - opencluster_2019_09_16 - INFO - Created an OpenCluster object for ngc6774
2019-09-16 07:33:24,119 - opencluster_2019_09_16 - INFO - Creating an OpenCluster object for ngc2168
2019-09-16 07:33:24,119 - opencluster_2019_09_16 - INFO - Creating an OpenCluster object for ngc2168
2019-09-16 07:33:24,121 - opencluster_2019_09_16 - INFO - Created an OpenCluster object for ngc2168
2019-09-16 07:33:24,121 - opencluster_2019_09_16 - INFO - Created an OpenCluster object for ngc2168
2019-09-16 07:33:41,838 - opencluster_2019_09_16 - INFO - Creating an OpenCluster object for ngc2682
2019-09-16 07:33:41,838 - opencluster_2019_09_16 - INFO - Creating an OpenCluster object for ngc2682
2019-09-16 07:33:41,840 - opencluster_2019_09_16 - INFO - Created an OpenCluster object for ngc2682
2019-09-16 07:33:41,840 - opencluster_2019_09_16 - INFO - Created an OpenCluster object for ngc2682
2019-09-16 10:46:17,965 - opencluster_2019_09_16 - INFO - Started logger.
2019-09-16 10:46:19,747 - opencluster_2019_09_16 - INFO - Started logger.
2019-09-16 10:46:19,747 - opencluster_2019_09_16 - INFO - Started logger.
2019-09-16 10:46:28,709 - opencluster_2019_09_16 - INFO - Creating an OpenCluster object for pleiades
2019-09-16 10:46:28,709 - opencluster_2019_09_16 - INFO - Creating an OpenCluster object for pleiades
2019-09-16 10:46:28,711 - opencluster_2019_09_16 - INFO - Created an OpenCluster object for pleiades
2019-09-16 10:46:28,711 - opencluster_2019_09_16 - INFO - Created an OpenCluster object for pleiades
2019-09-16 10:47:57,829 - opencluster_2019_09_16 - INFO - Creating an OpenCluster object for hyades
2019-09-16 10:47:57,829 - opencluster_2019_09_16 - INFO - Creating an OpenCluster object for hyades
2019-09-16 10:47:57,830 - opencluster_2019_09_16 - INFO - Created an OpenCluster object for hyades
2019-09-16 10:47:57,830 - opencluster_2019_09_16 - INFO - Created an OpenCluster object for hyades
2019-09-16 10:48:27,213 - opencluster_2019_09_16 - INFO - Creating an OpenCluster object for praesepe
2019-09-16 10:48:27,213 - opencluster_2019_09_16 - INFO - Creating an OpenCluster object for praesepe
2019-09-16 10:48:27,215 - opencluster_2019_09_16 - INFO - Created an OpenCluster object for praesepe
2019-09-16 10:48:27,215 - opencluster_2019_09_16 - INFO - Created an OpenCluster object for praesepe
2019-09-16 10:50:14,141 - opencluster_2019_09_16 - INFO - Creating an OpenCluster object for ngc6774
2019-09-16 10:50:14,141 - opencluster_2019_09_16 - INFO - Creating an OpenCluster object for ngc6774
2019-09-16 10:50:14,142 - opencluster_2019_09_16 - INFO - Created an OpenCluster object for ngc6774
2019-09-16 10:50:14,142 - opencluster_2019_09_16 - INFO - Created an OpenCluster object for ngc6774
2019-09-16 10:50:26,268 - opencluster_2019_09_16 - INFO - Creating an OpenCluster object for ngc2168
2019-09-16 10:50:26,268 - opencluster_2019_09_16 - INFO - Creating an OpenCluster object for ngc2168
2019-09-16 10:50:26,269 - opencluster_2019_09_16 - INFO - Created an OpenCluster object for ngc2168
2019-09-16 10:50:26,269 - opencluster_2019_09_16 - INFO - Created an OpenCluster object for ngc2168
2019-09-16 10:50:43,733 - opencluster_2019_09_16 - INFO - Creating an OpenCluster object for ngc2682
2019-09-16 10:50:43,733 - opencluster_2019_09_16 - INFO - Creating an OpenCluster object for ngc2682
2019-09-16 10:50:43,734 - opencluster_2019_09_16 - INFO - Created an OpenCluster object for ngc2682
2019-09-16 10:50:43,734 - opencluster_2019_09_16 - INFO - Created an OpenCluster object for ngc2682
